<?xml version="1.0" encoding="UTF-8"?>
<!-- Generated by org.testng.reporters.JUnitReportReporter -->
<testsuite skipped="0" hostname="lpz-wfh-10" name="Runner.TestRunner" tests="2" failures="0" timestamp="2020-07-21T15:21:38 IST" time="123.472" errors="0">
  <testcase name="feature" time="69.757" classname="Runner.TestRunner"/>
  <system-out/>
  <testcase name="feature" time="53.715" classname="Runner.TestRunner"/>
  <system-out/>
</testsuite> <!-- Runner.TestRunner -->
